[2020-12-07 21:13:14] merlin-logger.DEBUG: The welcome step has been displayed [] []
[2020-12-07 21:14:56] merlin-logger.DEBUG: The license activation step has been displayed [] []
[2020-12-07 21:15:02] merlin-logger.DEBUG: The child theme installation step has been displayed [] []
[2020-12-07 21:15:07] merlin-logger.DEBUG: The child theme style.css content was generated [] []
[2020-12-07 21:15:07] merlin-logger.DEBUG: The child theme functions.php content was generated [] []
[2020-12-07 21:15:07] merlin-logger.DEBUG: The child theme screenshot was copied to the child theme, with the following result {"copied":true} []
[2020-12-07 21:15:07] merlin-logger.DEBUG: The newly generated child theme was activated [] []
[2020-12-07 21:17:32] merlin-logger.DEBUG: The welcome step has been displayed [] []
[2020-12-07 21:17:35] merlin-logger.DEBUG: The license activation step has been displayed [] []
[2020-12-07 21:17:38] merlin-logger.DEBUG: The child theme installation step has been displayed [] []
[2020-12-07 21:17:49] merlin-logger.DEBUG: The child theme style.css content was generated [] []
[2020-12-07 21:17:49] merlin-logger.DEBUG: The child theme functions.php content was generated [] []
[2020-12-07 21:17:49] merlin-logger.DEBUG: The child theme screenshot was copied to the child theme, with the following result {"copied":true} []
[2020-12-07 21:17:49] merlin-logger.DEBUG: The newly generated child theme was activated [] []
[2020-12-07 21:23:01] merlin-logger.DEBUG: The welcome step has been displayed [] []
[2020-12-07 21:23:04] merlin-logger.DEBUG: The license activation step has been displayed [] []
[2020-12-07 21:23:06] merlin-logger.DEBUG: The child theme installation step has been displayed [] []
[2020-12-07 21:23:11] merlin-logger.DEBUG: The child theme style.css content was generated [] []
[2020-12-07 21:23:11] merlin-logger.DEBUG: The child theme functions.php content was generated [] []
[2020-12-07 21:23:11] merlin-logger.DEBUG: The child theme screenshot was copied to the child theme, with the following result {"copied":true} []
[2020-12-07 21:23:11] merlin-logger.DEBUG: The newly generated child theme was activated [] []
